  Map.cpp
C:\Users\Gregory ZANATTA\OneDrive\Bureau\Cours P1\SFML\CryptOfTheNecrodancer\CryptOfTheNecrodancer\Slime.h(65,48): warning C4267: 'argument' : conversion de 'size_t' en 'const int', perte possible de données
  (compiler le fichier source 'Map.cpp')
  
C:\Users\Gregory ZANATTA\OneDrive\Bureau\Cours P1\SFML\CryptOfTheNecrodancer\CryptOfTheNecrodancer\Map.cpp(262,86): warning C4244: 'argument' : conversion de 'T' en 'T', perte possible de données
C:\Users\Gregory ZANATTA\OneDrive\Bureau\Cours P1\SFML\CryptOfTheNecrodancer\CryptOfTheNecrodancer\Map.cpp(262,86): warning C4244:         with
C:\Users\Gregory ZANATTA\OneDrive\Bureau\Cours P1\SFML\CryptOfTheNecrodancer\CryptOfTheNecrodancer\Map.cpp(262,86): warning C4244:         [
C:\Users\Gregory ZANATTA\OneDrive\Bureau\Cours P1\SFML\CryptOfTheNecrodancer\CryptOfTheNecrodancer\Map.cpp(262,86): warning C4244:             T=float
C:\Users\Gregory ZANATTA\OneDrive\Bureau\Cours P1\SFML\CryptOfTheNecrodancer\CryptOfTheNecrodancer\Map.cpp(262,86): warning C4244:         ]
C:\Users\Gregory ZANATTA\OneDrive\Bureau\Cours P1\SFML\CryptOfTheNecrodancer\CryptOfTheNecrodancer\Map.cpp(262,86): warning C4244:         and
C:\Users\Gregory ZANATTA\OneDrive\Bureau\Cours P1\SFML\CryptOfTheNecrodancer\CryptOfTheNecrodancer\Map.cpp(262,86): warning C4244:         [
C:\Users\Gregory ZANATTA\OneDrive\Bureau\Cours P1\SFML\CryptOfTheNecrodancer\CryptOfTheNecrodancer\Map.cpp(262,86): warning C4244:             T=int
C:\Users\Gregory ZANATTA\OneDrive\Bureau\Cours P1\SFML\CryptOfTheNecrodancer\CryptOfTheNecrodancer\Map.cpp(262,86): warning C4244:         ]
C:\Users\Gregory ZANATTA\OneDrive\Bureau\Cours P1\SFML\CryptOfTheNecrodancer\CryptOfTheNecrodancer\Map.cpp(262,54): warning C4244: 'argument' : conversion de 'T' en 'T', perte possible de données
C:\Users\Gregory ZANATTA\OneDrive\Bureau\Cours P1\SFML\CryptOfTheNecrodancer\CryptOfTheNecrodancer\Map.cpp(262,54): warning C4244:         with
C:\Users\Gregory ZANATTA\OneDrive\Bureau\Cours P1\SFML\CryptOfTheNecrodancer\CryptOfTheNecrodancer\Map.cpp(262,54): warning C4244:         [
C:\Users\Gregory ZANATTA\OneDrive\Bureau\Cours P1\SFML\CryptOfTheNecrodancer\CryptOfTheNecrodancer\Map.cpp(262,54): warning C4244:             T=float
C:\Users\Gregory ZANATTA\OneDrive\Bureau\Cours P1\SFML\CryptOfTheNecrodancer\CryptOfTheNecrodancer\Map.cpp(262,54): warning C4244:         ]
C:\Users\Gregory ZANATTA\OneDrive\Bureau\Cours P1\SFML\CryptOfTheNecrodancer\CryptOfTheNecrodancer\Map.cpp(262,54): warning C4244:         and
C:\Users\Gregory ZANATTA\OneDrive\Bureau\Cours P1\SFML\CryptOfTheNecrodancer\CryptOfTheNecrodancer\Map.cpp(262,54): warning C4244:         [
C:\Users\Gregory ZANATTA\OneDrive\Bureau\Cours P1\SFML\CryptOfTheNecrodancer\CryptOfTheNecrodancer\Map.cpp(262,54): warning C4244:             T=int
C:\Users\Gregory ZANATTA\OneDrive\Bureau\Cours P1\SFML\CryptOfTheNecrodancer\CryptOfTheNecrodancer\Map.cpp(262,54): warning C4244:         ]
  CryptOfTheNecrodancer.vcxproj -> C:\Users\Gregory ZANATTA\OneDrive\Bureau\Cours P1\SFML\CryptOfTheNecrodancer\CryptOfTheNecrodancer\x64\Debug\CryptOfTheNecrodancer.exe
