c:\users\gregory zanatta\onedrive\bureau\cours p1\sfml\cryptofthenecrodancer\cryptofthenecrodancer\cryptoft.b9154fc3\x64\debug\vc143.pdb
c:\users\gregory zanatta\onedrive\bureau\cours p1\sfml\cryptofthenecrodancer\cryptofthenecrodancer\cryptoft.b9154fc3\x64\debug\vc143.idb
c:\users\gregory zanatta\onedrive\bureau\cours p1\sfml\cryptofthenecrodancer\cryptofthenecrodancer\cryptoft.b9154fc3\x64\debug\inputmanager.obj
c:\users\gregory zanatta\onedrive\bureau\cours p1\sfml\cryptofthenecrodancer\cryptofthenecrodancer\cryptoft.b9154fc3\x64\debug\inputdata.obj
c:\users\gregory zanatta\onedrive\bureau\cours p1\sfml\cryptofthenecrodancer\cryptofthenecrodancer\cryptoft.b9154fc3\x64\debug\game.obj
c:\users\gregory zanatta\onedrive\bureau\cours p1\sfml\cryptofthenecrodancer\cryptofthenecrodancer\cryptoft.b9154fc3\x64\debug\fontmanager.obj
c:\users\gregory zanatta\onedrive\bureau\cours p1\sfml\cryptofthenecrodancer\cryptofthenecrodancer\cryptoft.b9154fc3\x64\debug\fontdata.obj
c:\users\gregory zanatta\onedrive\bureau\cours p1\sfml\cryptofthenecrodancer\cryptofthenecrodancer\cryptoft.b9154fc3\x64\debug\entitymanager.obj
c:\users\gregory zanatta\onedrive\bureau\cours p1\sfml\cryptofthenecrodancer\cryptofthenecrodancer\cryptoft.b9154fc3\x64\debug\entity.obj
c:\users\gregory zanatta\onedrive\bureau\cours p1\sfml\cryptofthenecrodancer\cryptofthenecrodancer\cryptoft.b9154fc3\x64\debug\enemy.obj
c:\users\gregory zanatta\onedrive\bureau\cours p1\sfml\cryptofthenecrodancer\cryptofthenecrodancer\cryptoft.b9154fc3\x64\debug\door.obj
c:\users\gregory zanatta\onedrive\bureau\cours p1\sfml\cryptofthenecrodancer\cryptofthenecrodancer\cryptoft.b9154fc3\x64\debug\damagecomponent.obj
c:\users\gregory zanatta\onedrive\bureau\cours p1\sfml\cryptofthenecrodancer\cryptofthenecrodancer\cryptoft.b9154fc3\x64\debug\consommable.obj
c:\users\gregory zanatta\onedrive\bureau\cours p1\sfml\cryptofthenecrodancer\cryptofthenecrodancer\cryptoft.b9154fc3\x64\debug\component.obj
c:\users\gregory zanatta\onedrive\bureau\cours p1\sfml\cryptofthenecrodancer\cryptofthenecrodancer\cryptoft.b9154fc3\x64\debug\collisioncomponent.obj
c:\users\gregory zanatta\onedrive\bureau\cours p1\sfml\cryptofthenecrodancer\cryptofthenecrodancer\cryptoft.b9154fc3\x64\debug\cameramanager.obj
c:\users\gregory zanatta\onedrive\bureau\cours p1\sfml\cryptofthenecrodancer\cryptofthenecrodancer\cryptoft.b9154fc3\x64\debug\camera.obj
c:\users\gregory zanatta\onedrive\bureau\cours p1\sfml\cryptofthenecrodancer\cryptofthenecrodancer\cryptoft.b9154fc3\x64\debug\bat.obj
c:\users\gregory zanatta\onedrive\bureau\cours p1\sfml\cryptofthenecrodancer\cryptofthenecrodancer\cryptoft.b9154fc3\x64\debug\animationcomponent.obj
c:\users\gregory zanatta\onedrive\bureau\cours p1\sfml\cryptofthenecrodancer\cryptofthenecrodancer\cryptoft.b9154fc3\x64\debug\animation.obj
c:\users\gregory zanatta\onedrive\bureau\cours p1\sfml\cryptofthenecrodancer\cryptofthenecrodancer\cryptoft.b9154fc3\x64\debug\actionmap.obj
c:\users\gregory zanatta\onedrive\bureau\cours p1\sfml\cryptofthenecrodancer\cryptofthenecrodancer\cryptoft.b9154fc3\x64\debug\action.obj
c:\users\gregory zanatta\onedrive\bureau\cours p1\sfml\cryptofthenecrodancer\cryptofthenecrodancer\cryptoft.b9154fc3\x64\debug\progressbar.obj
c:\users\gregory zanatta\onedrive\bureau\cours p1\sfml\cryptofthenecrodancer\cryptofthenecrodancer\cryptoft.b9154fc3\x64\debug\playerressource.obj
c:\users\gregory zanatta\onedrive\bureau\cours p1\sfml\cryptofthenecrodancer\cryptofthenecrodancer\cryptoft.b9154fc3\x64\debug\player.obj
c:\users\gregory zanatta\onedrive\bureau\cours p1\sfml\cryptofthenecrodancer\cryptofthenecrodancer\cryptoft.b9154fc3\x64\debug\path.obj
c:\users\gregory zanatta\onedrive\bureau\cours p1\sfml\cryptofthenecrodancer\cryptofthenecrodancer\cryptoft.b9154fc3\x64\debug\particlesystem.obj
c:\users\gregory zanatta\onedrive\bureau\cours p1\sfml\cryptofthenecrodancer\cryptofthenecrodancer\cryptoft.b9154fc3\x64\debug\particlemanager.obj
c:\users\gregory zanatta\onedrive\bureau\cours p1\sfml\cryptofthenecrodancer\cryptofthenecrodancer\cryptoft.b9154fc3\x64\debug\object.obj
c:\users\gregory zanatta\onedrive\bureau\cours p1\sfml\cryptofthenecrodancer\cryptofthenecrodancer\cryptoft.b9154fc3\x64\debug\musicmanager.obj
c:\users\gregory zanatta\onedrive\bureau\cours p1\sfml\cryptofthenecrodancer\cryptofthenecrodancer\cryptoft.b9154fc3\x64\debug\musicdata.obj
c:\users\gregory zanatta\onedrive\bureau\cours p1\sfml\cryptofthenecrodancer\cryptofthenecrodancer\cryptoft.b9154fc3\x64\debug\movementcomponent.obj
c:\users\gregory zanatta\onedrive\bureau\cours p1\sfml\cryptofthenecrodancer\cryptofthenecrodancer\cryptoft.b9154fc3\x64\debug\menumanager.obj
c:\users\gregory zanatta\onedrive\bureau\cours p1\sfml\cryptofthenecrodancer\cryptofthenecrodancer\cryptoft.b9154fc3\x64\debug\menu.obj
c:\users\gregory zanatta\onedrive\bureau\cours p1\sfml\cryptofthenecrodancer\cryptofthenecrodancer\cryptoft.b9154fc3\x64\debug\map.obj
c:\users\gregory zanatta\onedrive\bureau\cours p1\sfml\cryptofthenecrodancer\cryptofthenecrodancer\cryptoft.b9154fc3\x64\debug\main.obj
c:\users\gregory zanatta\onedrive\bureau\cours p1\sfml\cryptofthenecrodancer\cryptofthenecrodancer\cryptoft.b9154fc3\x64\debug\macro.obj
c:\users\gregory zanatta\onedrive\bureau\cours p1\sfml\cryptofthenecrodancer\cryptofthenecrodancer\cryptoft.b9154fc3\x64\debug\lightningmanager.obj
c:\users\gregory zanatta\onedrive\bureau\cours p1\sfml\cryptofthenecrodancer\cryptofthenecrodancer\cryptoft.b9154fc3\x64\debug\lightningcomponent.obj
c:\users\gregory zanatta\onedrive\bureau\cours p1\sfml\cryptofthenecrodancer\cryptofthenecrodancer\cryptoft.b9154fc3\x64\debug\lifecomponent.obj
c:\users\gregory zanatta\onedrive\bureau\cours p1\sfml\cryptofthenecrodancer\cryptofthenecrodancer\cryptoft.b9154fc3\x64\debug\items.obj
c:\users\gregory zanatta\onedrive\bureau\cours p1\sfml\cryptofthenecrodancer\cryptofthenecrodancer\cryptoft.b9154fc3\x64\debug\inventory.obj
c:\users\gregory zanatta\onedrive\bureau\cours p1\sfml\cryptofthenecrodancer\cryptofthenecrodancer\cryptoft.b9154fc3\x64\debug\uitext.obj
c:\users\gregory zanatta\onedrive\bureau\cours p1\sfml\cryptofthenecrodancer\cryptofthenecrodancer\cryptoft.b9154fc3\x64\debug\uiimage.obj
c:\users\gregory zanatta\onedrive\bureau\cours p1\sfml\cryptofthenecrodancer\cryptofthenecrodancer\cryptoft.b9154fc3\x64\debug\uielement.obj
c:\users\gregory zanatta\onedrive\bureau\cours p1\sfml\cryptofthenecrodancer\cryptofthenecrodancer\cryptoft.b9154fc3\x64\debug\uibutton.obj
c:\users\gregory zanatta\onedrive\bureau\cours p1\sfml\cryptofthenecrodancer\cryptofthenecrodancer\cryptoft.b9154fc3\x64\debug\trap.obj
c:\users\gregory zanatta\onedrive\bureau\cours p1\sfml\cryptofthenecrodancer\cryptofthenecrodancer\cryptoft.b9154fc3\x64\debug\timermanager.obj
c:\users\gregory zanatta\onedrive\bureau\cours p1\sfml\cryptofthenecrodancer\cryptofthenecrodancer\cryptoft.b9154fc3\x64\debug\timer.obj
c:\users\gregory zanatta\onedrive\bureau\cours p1\sfml\cryptofthenecrodancer\cryptofthenecrodancer\cryptoft.b9154fc3\x64\debug\tile.obj
c:\users\gregory zanatta\onedrive\bureau\cours p1\sfml\cryptofthenecrodancer\cryptofthenecrodancer\cryptoft.b9154fc3\x64\debug\throwable.obj
c:\users\gregory zanatta\onedrive\bureau\cours p1\sfml\cryptofthenecrodancer\cryptofthenecrodancer\cryptoft.b9154fc3\x64\debug\texturemanager.obj
c:\users\gregory zanatta\onedrive\bureau\cours p1\sfml\cryptofthenecrodancer\cryptofthenecrodancer\cryptoft.b9154fc3\x64\debug\texturedata.obj
c:\users\gregory zanatta\onedrive\bureau\cours p1\sfml\cryptofthenecrodancer\cryptofthenecrodancer\cryptoft.b9154fc3\x64\debug\stair.obj
c:\users\gregory zanatta\onedrive\bureau\cours p1\sfml\cryptofthenecrodancer\cryptofthenecrodancer\cryptoft.b9154fc3\x64\debug\soundmanager.obj
c:\users\gregory zanatta\onedrive\bureau\cours p1\sfml\cryptofthenecrodancer\cryptofthenecrodancer\cryptoft.b9154fc3\x64\debug\sounddata.obj
c:\users\gregory zanatta\onedrive\bureau\cours p1\sfml\cryptofthenecrodancer\cryptofthenecrodancer\cryptoft.b9154fc3\x64\debug\slime.obj
c:\users\gregory zanatta\onedrive\bureau\cours p1\sfml\cryptofthenecrodancer\cryptofthenecrodancer\cryptoft.b9154fc3\x64\debug\skeleton.obj
c:\users\gregory zanatta\onedrive\bureau\cours p1\sfml\cryptofthenecrodancer\cryptofthenecrodancer\cryptoft.b9154fc3\x64\debug\shopkeeper.obj
c:\users\gregory zanatta\onedrive\bureau\cours p1\sfml\cryptofthenecrodancer\cryptofthenecrodancer\cryptoft.b9154fc3\x64\debug\saveable.obj
c:\users\gregory zanatta\onedrive\bureau\cours p1\sfml\cryptofthenecrodancer\cryptofthenecrodancer\cryptoft.b9154fc3\x64\debug\rythmcomponent.obj
c:\users\gregory zanatta\onedrive\bureau\cours p1\sfml\cryptofthenecrodancer\cryptofthenecrodancer\cryptoft.b9154fc3\x64\debug\room.obj
c:\users\gregory zanatta\onedrive\bureau\cours p1\sfml\cryptofthenecrodancer\cryptofthenecrodancer\cryptoft.b9154fc3\x64\debug\wearable.obj
c:\users\gregory zanatta\onedrive\bureau\cours p1\sfml\cryptofthenecrodancer\cryptofthenecrodancer\cryptoft.b9154fc3\x64\debug\wall.obj
c:\users\gregory zanatta\onedrive\bureau\cours p1\sfml\cryptofthenecrodancer\cryptofthenecrodancer\cryptoft.b9154fc3\x64\debug\usable.obj
c:\users\gregory zanatta\onedrive\bureau\cours p1\sfml\cryptofthenecrodancer\cryptofthenecrodancer\x64\debug\cryptofthenecrodancer.exe
c:\users\gregory zanatta\onedrive\bureau\cours p1\sfml\cryptofthenecrodancer\cryptofthenecrodancer\x64\debug\cryptofthenecrodancer.pdb
c:\users\gregory zanatta\onedrive\bureau\cours p1\sfml\cryptofthenecrodancer\cryptofthenecrodancer\cryptoft.b9154fc3\x64\debug\cryptofthenecrodancer.ilk
c:\users\gregory zanatta\onedrive\bureau\cours p1\sfml\cryptofthenecrodancer\cryptofthenecrodancer\cryptoft.b9154fc3\x64\debug\bat.obj.enc
c:\users\gregory zanatta\onedrive\bureau\cours p1\sfml\cryptofthenecrodancer\cryptofthenecrodancer\cryptoft.b9154fc3\x64\debug\cryptoft.b9154fc3.tlog\cl.command.1.tlog
c:\users\gregory zanatta\onedrive\bureau\cours p1\sfml\cryptofthenecrodancer\cryptofthenecrodancer\cryptoft.b9154fc3\x64\debug\cryptoft.b9154fc3.tlog\cl.items.tlog
c:\users\gregory zanatta\onedrive\bureau\cours p1\sfml\cryptofthenecrodancer\cryptofthenecrodancer\cryptoft.b9154fc3\x64\debug\cryptoft.b9154fc3.tlog\cl.read.1.tlog
c:\users\gregory zanatta\onedrive\bureau\cours p1\sfml\cryptofthenecrodancer\cryptofthenecrodancer\cryptoft.b9154fc3\x64\debug\cryptoft.b9154fc3.tlog\cl.write.1.tlog
c:\users\gregory zanatta\onedrive\bureau\cours p1\sfml\cryptofthenecrodancer\cryptofthenecrodancer\cryptoft.b9154fc3\x64\debug\cryptoft.b9154fc3.tlog\link.command.1.tlog
c:\users\gregory zanatta\onedrive\bureau\cours p1\sfml\cryptofthenecrodancer\cryptofthenecrodancer\cryptoft.b9154fc3\x64\debug\cryptoft.b9154fc3.tlog\link.read.1.tlog
c:\users\gregory zanatta\onedrive\bureau\cours p1\sfml\cryptofthenecrodancer\cryptofthenecrodancer\cryptoft.b9154fc3\x64\debug\cryptoft.b9154fc3.tlog\link.secondary.1.tlog
c:\users\gregory zanatta\onedrive\bureau\cours p1\sfml\cryptofthenecrodancer\cryptofthenecrodancer\cryptoft.b9154fc3\x64\debug\cryptoft.b9154fc3.tlog\link.write.1.tlog
